make FOR=mpif90 FFLAGS="-O2 -prec-div -prec-sqrt -fimf-arch-consistency=true -static -W0 -assume byterecl -traceback -diag-disable 8290 -diag-disable 8291 -diag-disable 8293 -fc=ifort" \
        FFLAGS90="-O2 -prec-div -prec-sqrt -fimf-arch-consistency=true -static -W0 -assume byterecl -traceback -diag-disable 8290 -diag-disable 8291 -diag-disable 8293 -fc=ifort" \
                INCS="-I/usr/include" LIBS="-L/usr/lib -lnetcdff -lnetcdf -lhdf5_hl -lhdf5 -lm -lz" OBJS="swmod1.o swmod2.o SwanSpectPart.o m_constants.o m_fileio.o serv_xnl4v5.o mod_xnl4v5.o SwanGriddata.o SwanGridobjects.o SwanCompdata.o SdsBabanin.o nctablemd.o agioncmd.o swn_outnc.o swan2coh.o swanmain.o swanpre1.o swanpre2.o swancom1.o swancom2.o swancom3.o swancom4.o swancom5.o swanout1.o swanout2.o swanser.o swanparll.o SwanReadGrid.o SwanReadADCGrid.o SwanReadTriangleGrid.o SwanReadEasymeshGrid.o SwanInitCompGrid.o SwanCheckGrid.o SwanCreateEdges.o SwanGridTopology.o SwanGridVert.o SwanGridCell.o SwanGridFace.o SwanPrintGridInfo.o SwanFindPoint.o SwanPointinMesh.o SwanBpntlist.o SwanPrepComp.o SwanVertlist.o SwanCompUnstruc.o SwanDispParm.o SwanPropvelX.o SwanSweepSel.o SwanPropvelS.o SwanTranspAc.o SwanTranspX.o SwanDiffPar.o SwanGSECorr.o SwanGradDepthorK.o SwanGradVel.o SwanInterpolatePoint.o SwanInterpolateAc.o SwanInterpolateOutput.o SwanConvAccur.o SwanConvStopc.o SwanThreadBounds.o SwanFindObstacles.o SwanCrossObstacle.o SwanComputeForce.o SwanIntgratSpc.o SwanBndStruc.o SwanReadfort18.o SwanPunCollect.o SwanSumOverNodes.o SwanMinOverNodes.o SwanMaxOverNodes.o ocpids.o ocpcre.o ocpmix.o" swan.exe
make[1]: Entering directory `/source/swan-src/swan_src/ftn_stockB-fix'
mpif90 swmod1.f -c -O2 -prec-div -prec-sqrt -fimf-arch-consistency=true -static -W0 -assume byterecl -traceback -diag-disable 8290 -diag-disable 8291 -diag-disable 8293 -fc=ifort -I/usr/include
mpif90 swmod2.f -c -O2 -prec-div -prec-sqrt -fimf-arch-consistency=true -static -W0 -assume byterecl -traceback -diag-disable 8290 -diag-disable 8291 -diag-disable 8293 -fc=ifort -I/usr/include
mpif90 SwanSpectPart.f -c -O2 -prec-div -prec-sqrt -fimf-arch-consistency=true -static -W0 -assume byterecl -traceback -diag-disable 8290 -diag-disable 8291 -diag-disable 8293 -fc=ifort -I/usr/include
mpif90 m_constants.f90 -c -O2 -prec-div -prec-sqrt -fimf-arch-consistency=true -static -W0 -assume byterecl -traceback -diag-disable 8290 -diag-disable 8291 -diag-disable 8293 -fc=ifort -I/usr/include
mpif90 m_fileio.f90 -c -O2 -prec-div -prec-sqrt -fimf-arch-consistency=true -static -W0 -assume byterecl -traceback -diag-disable 8290 -diag-disable 8291 -diag-disable 8293 -fc=ifort -I/usr/include
mpif90 serv_xnl4v5.f90 -c -O2 -prec-div -prec-sqrt -fimf-arch-consistency=true -static -W0 -assume byterecl -traceback -diag-disable 8290 -diag-disable 8291 -diag-disable 8293 -fc=ifort -I/usr/include
mpif90 mod_xnl4v5.f90 -c -O2 -prec-div -prec-sqrt -fimf-arch-consistency=true -static -W0 -assume byterecl -traceback -diag-disable 8290 -diag-disable 8291 -diag-disable 8293 -fc=ifort -I/usr/include
mpif90 SwanGriddata.f90 -c -O2 -prec-div -prec-sqrt -fimf-arch-consistency=true -static -W0 -assume byterecl -traceback -diag-disable 8290 -diag-disable 8291 -diag-disable 8293 -fc=ifort -I/usr/include
mpif90 SwanGridobjects.f90 -c -O2 -prec-div -prec-sqrt -fimf-arch-consistency=true -static -W0 -assume byterecl -traceback -diag-disable 8290 -diag-disable 8291 -diag-disable 8293 -fc=ifort -I/usr/include
mpif90 SwanCompdata.f90 -c -O2 -prec-div -prec-sqrt -fimf-arch-consistency=true -static -W0 -assume byterecl -traceback -diag-disable 8290 -diag-disable 8291 -diag-disable 8293 -fc=ifort -I/usr/include
mpif90 SdsBabanin.f90 -c -O2 -prec-div -prec-sqrt -fimf-arch-consistency=true -static -W0 -assume byterecl -traceback -diag-disable 8290 -diag-disable 8291 -diag-disable 8293 -fc=ifort -I/usr/include
mpif90 nctablemd.f90 -c -O2 -prec-div -prec-sqrt -fimf-arch-consistency=true -static -W0 -assume byterecl -traceback -diag-disable 8290 -diag-disable 8291 -diag-disable 8293 -fc=ifort -I/usr/include
mpif90 agioncmd.f90 -c -O2 -prec-div -prec-sqrt -fimf-arch-consistency=true -static -W0 -assume byterecl -traceback -diag-disable 8290 -diag-disable 8291 -diag-disable 8293 -fc=ifort -I/usr/include
mpif90 swn_outnc.f90 -c -O2 -prec-div -prec-sqrt -fimf-arch-consistency=true -static -W0 -assume byterecl -traceback -diag-disable 8290 -diag-disable 8291 -diag-disable 8293 -fc=ifort -I/usr/include
mpif90 swan2coh.f90 -c -O2 -prec-div -prec-sqrt -fimf-arch-consistency=true -static -W0 -assume byterecl -traceback -diag-disable 8290 -diag-disable 8291 -diag-disable 8293 -fc=ifort -I/usr/include
mpif90 swanmain.f -c -O2 -prec-div -prec-sqrt -fimf-arch-consistency=true -static -W0 -assume byterecl -traceback -diag-disable 8290 -diag-disable 8291 -diag-disable 8293 -fc=ifort -I/usr/include
mpif90 swanpre1.f -c -O2 -prec-div -prec-sqrt -fimf-arch-consistency=true -static -W0 -assume byterecl -traceback -diag-disable 8290 -diag-disable 8291 -diag-disable 8293 -fc=ifort -I/usr/include
mpif90 swanpre2.f -c -O2 -prec-div -prec-sqrt -fimf-arch-consistency=true -static -W0 -assume byterecl -traceback -diag-disable 8290 -diag-disable 8291 -diag-disable 8293 -fc=ifort -I/usr/include
mpif90 swancom1.f -c -O2 -prec-div -prec-sqrt -fimf-arch-consistency=true -static -W0 -assume byterecl -traceback -diag-disable 8290 -diag-disable 8291 -diag-disable 8293 -fc=ifort -I/usr/include
mpif90 swancom2.f -c -O2 -prec-div -prec-sqrt -fimf-arch-consistency=true -static -W0 -assume byterecl -traceback -diag-disable 8290 -diag-disable 8291 -diag-disable 8293 -fc=ifort -I/usr/include
mpif90 swancom3.f -c -O2 -prec-div -prec-sqrt -fimf-arch-consistency=true -static -W0 -assume byterecl -traceback -diag-disable 8290 -diag-disable 8291 -diag-disable 8293 -fc=ifort -I/usr/include
mpif90 swancom4.f -c -O2 -prec-div -prec-sqrt -fimf-arch-consistency=true -static -W0 -assume byterecl -traceback -diag-disable 8290 -diag-disable 8291 -diag-disable 8293 -fc=ifort -I/usr/include
mpif90 swancom5.f -c -O2 -prec-div -prec-sqrt -fimf-arch-consistency=true -static -W0 -assume byterecl -traceback -diag-disable 8290 -diag-disable 8291 -diag-disable 8293 -fc=ifort -I/usr/include
mpif90 swanout1.f -c -O2 -prec-div -prec-sqrt -fimf-arch-consistency=true -static -W0 -assume byterecl -traceback -diag-disable 8290 -diag-disable 8291 -diag-disable 8293 -fc=ifort -I/usr/include
mpif90 swanout2.f -c -O2 -prec-div -prec-sqrt -fimf-arch-consistency=true -static -W0 -assume byterecl -traceback -diag-disable 8290 -diag-disable 8291 -diag-disable 8293 -fc=ifort -I/usr/include
mpif90 swanser.f -c -O2 -prec-div -prec-sqrt -fimf-arch-consistency=true -static -W0 -assume byterecl -traceback -diag-disable 8290 -diag-disable 8291 -diag-disable 8293 -fc=ifort -I/usr/include
mpif90 swanparll.f -c -O2 -prec-div -prec-sqrt -fimf-arch-consistency=true -static -W0 -assume byterecl -traceback -diag-disable 8290 -diag-disable 8291 -diag-disable 8293 -fc=ifort -I/usr/include
mpif90 SwanReadGrid.f90 -c -O2 -prec-div -prec-sqrt -fimf-arch-consistency=true -static -W0 -assume byterecl -traceback -diag-disable 8290 -diag-disable 8291 -diag-disable 8293 -fc=ifort -I/usr/include
mpif90 SwanReadADCGrid.f90 -c -O2 -prec-div -prec-sqrt -fimf-arch-consistency=true -static -W0 -assume byterecl -traceback -diag-disable 8290 -diag-disable 8291 -diag-disable 8293 -fc=ifort -I/usr/include
mpif90 SwanReadTriangleGrid.f90 -c -O2 -prec-div -prec-sqrt -fimf-arch-consistency=true -static -W0 -assume byterecl -traceback -diag-disable 8290 -diag-disable 8291 -diag-disable 8293 -fc=ifort -I/usr/include
mpif90 SwanReadEasymeshGrid.f90 -c -O2 -prec-div -prec-sqrt -fimf-arch-consistency=true -static -W0 -assume byterecl -traceback -diag-disable 8290 -diag-disable 8291 -diag-disable 8293 -fc=ifort -I/usr/include
mpif90 SwanInitCompGrid.f90 -c -O2 -prec-div -prec-sqrt -fimf-arch-consistency=true -static -W0 -assume byterecl -traceback -diag-disable 8290 -diag-disable 8291 -diag-disable 8293 -fc=ifort -I/usr/include
mpif90 SwanCheckGrid.f90 -c -O2 -prec-div -prec-sqrt -fimf-arch-consistency=true -static -W0 -assume byterecl -traceback -diag-disable 8290 -diag-disable 8291 -diag-disable 8293 -fc=ifort -I/usr/include
mpif90 SwanCreateEdges.f90 -c -O2 -prec-div -prec-sqrt -fimf-arch-consistency=true -static -W0 -assume byterecl -traceback -diag-disable 8290 -diag-disable 8291 -diag-disable 8293 -fc=ifort -I/usr/include
mpif90 SwanGridTopology.f90 -c -O2 -prec-div -prec-sqrt -fimf-arch-consistency=true -static -W0 -assume byterecl -traceback -diag-disable 8290 -diag-disable 8291 -diag-disable 8293 -fc=ifort -I/usr/include
mpif90 SwanGridVert.f90 -c -O2 -prec-div -prec-sqrt -fimf-arch-consistency=true -static -W0 -assume byterecl -traceback -diag-disable 8290 -diag-disable 8291 -diag-disable 8293 -fc=ifort -I/usr/include
mpif90 SwanGridCell.f90 -c -O2 -prec-div -prec-sqrt -fimf-arch-consistency=true -static -W0 -assume byterecl -traceback -diag-disable 8290 -diag-disable 8291 -diag-disable 8293 -fc=ifort -I/usr/include
mpif90 SwanGridFace.f90 -c -O2 -prec-div -prec-sqrt -fimf-arch-consistency=true -static -W0 -assume byterecl -traceback -diag-disable 8290 -diag-disable 8291 -diag-disable 8293 -fc=ifort -I/usr/include
mpif90 SwanPrintGridInfo.f90 -c -O2 -prec-div -prec-sqrt -fimf-arch-consistency=true -static -W0 -assume byterecl -traceback -diag-disable 8290 -diag-disable 8291 -diag-disable 8293 -fc=ifort -I/usr/include
mpif90 SwanFindPoint.f90 -c -O2 -prec-div -prec-sqrt -fimf-arch-consistency=true -static -W0 -assume byterecl -traceback -diag-disable 8290 -diag-disable 8291 -diag-disable 8293 -fc=ifort -I/usr/include
mpif90 SwanPointinMesh.f90 -c -O2 -prec-div -prec-sqrt -fimf-arch-consistency=true -static -W0 -assume byterecl -traceback -diag-disable 8290 -diag-disable 8291 -diag-disable 8293 -fc=ifort -I/usr/include
mpif90 SwanBpntlist.f90 -c -O2 -prec-div -prec-sqrt -fimf-arch-consistency=true -static -W0 -assume byterecl -traceback -diag-disable 8290 -diag-disable 8291 -diag-disable 8293 -fc=ifort -I/usr/include
mpif90 SwanPrepComp.f90 -c -O2 -prec-div -prec-sqrt -fimf-arch-consistency=true -static -W0 -assume byterecl -traceback -diag-disable 8290 -diag-disable 8291 -diag-disable 8293 -fc=ifort -I/usr/include
mpif90 SwanVertlist.f90 -c -O2 -prec-div -prec-sqrt -fimf-arch-consistency=true -static -W0 -assume byterecl -traceback -diag-disable 8290 -diag-disable 8291 -diag-disable 8293 -fc=ifort -I/usr/include
mpif90 SwanCompUnstruc.f90 -c -O2 -prec-div -prec-sqrt -fimf-arch-consistency=true -static -W0 -assume byterecl -traceback -diag-disable 8290 -diag-disable 8291 -diag-disable 8293 -fc=ifort -I/usr/include
mpif90 SwanDispParm.f90 -c -O2 -prec-div -prec-sqrt -fimf-arch-consistency=true -static -W0 -assume byterecl -traceback -diag-disable 8290 -diag-disable 8291 -diag-disable 8293 -fc=ifort -I/usr/include
mpif90 SwanPropvelX.f90 -c -O2 -prec-div -prec-sqrt -fimf-arch-consistency=true -static -W0 -assume byterecl -traceback -diag-disable 8290 -diag-disable 8291 -diag-disable 8293 -fc=ifort -I/usr/include
mpif90 SwanSweepSel.f90 -c -O2 -prec-div -prec-sqrt -fimf-arch-consistency=true -static -W0 -assume byterecl -traceback -diag-disable 8290 -diag-disable 8291 -diag-disable 8293 -fc=ifort -I/usr/include
mpif90 SwanPropvelS.f90 -c -O2 -prec-div -prec-sqrt -fimf-arch-consistency=true -static -W0 -assume byterecl -traceback -diag-disable 8290 -diag-disable 8291 -diag-disable 8293 -fc=ifort -I/usr/include
mpif90 SwanTranspAc.f90 -c -O2 -prec-div -prec-sqrt -fimf-arch-consistency=true -static -W0 -assume byterecl -traceback -diag-disable 8290 -diag-disable 8291 -diag-disable 8293 -fc=ifort -I/usr/include
mpif90 SwanTranspX.f90 -c -O2 -prec-div -prec-sqrt -fimf-arch-consistency=true -static -W0 -assume byterecl -traceback -diag-disable 8290 -diag-disable 8291 -diag-disable 8293 -fc=ifort -I/usr/include
mpif90 SwanDiffPar.f90 -c -O2 -prec-div -prec-sqrt -fimf-arch-consistency=true -static -W0 -assume byterecl -traceback -diag-disable 8290 -diag-disable 8291 -diag-disable 8293 -fc=ifort -I/usr/include
mpif90 SwanGSECorr.f90 -c -O2 -prec-div -prec-sqrt -fimf-arch-consistency=true -static -W0 -assume byterecl -traceback -diag-disable 8290 -diag-disable 8291 -diag-disable 8293 -fc=ifort -I/usr/include
mpif90 SwanGradDepthorK.f90 -c -O2 -prec-div -prec-sqrt -fimf-arch-consistency=true -static -W0 -assume byterecl -traceback -diag-disable 8290 -diag-disable 8291 -diag-disable 8293 -fc=ifort -I/usr/include
mpif90 SwanGradVel.f90 -c -O2 -prec-div -prec-sqrt -fimf-arch-consistency=true -static -W0 -assume byterecl -traceback -diag-disable 8290 -diag-disable 8291 -diag-disable 8293 -fc=ifort -I/usr/include
mpif90 SwanInterpolatePoint.f90 -c -O2 -prec-div -prec-sqrt -fimf-arch-consistency=true -static -W0 -assume byterecl -traceback -diag-disable 8290 -diag-disable 8291 -diag-disable 8293 -fc=ifort -I/usr/include
mpif90 SwanInterpolateAc.f90 -c -O2 -prec-div -prec-sqrt -fimf-arch-consistency=true -static -W0 -assume byterecl -traceback -diag-disable 8290 -diag-disable 8291 -diag-disable 8293 -fc=ifort -I/usr/include
mpif90 SwanInterpolateOutput.f90 -c -O2 -prec-div -prec-sqrt -fimf-arch-consistency=true -static -W0 -assume byterecl -traceback -diag-disable 8290 -diag-disable 8291 -diag-disable 8293 -fc=ifort -I/usr/include
mpif90 SwanConvAccur.f90 -c -O2 -prec-div -prec-sqrt -fimf-arch-consistency=true -static -W0 -assume byterecl -traceback -diag-disable 8290 -diag-disable 8291 -diag-disable 8293 -fc=ifort -I/usr/include
mpif90 SwanConvStopc.f90 -c -O2 -prec-div -prec-sqrt -fimf-arch-consistency=true -static -W0 -assume byterecl -traceback -diag-disable 8290 -diag-disable 8291 -diag-disable 8293 -fc=ifort -I/usr/include
mpif90 SwanThreadBounds.f90 -c -O2 -prec-div -prec-sqrt -fimf-arch-consistency=true -static -W0 -assume byterecl -traceback -diag-disable 8290 -diag-disable 8291 -diag-disable 8293 -fc=ifort -I/usr/include
mpif90 SwanFindObstacles.f90 -c -O2 -prec-div -prec-sqrt -fimf-arch-consistency=true -static -W0 -assume byterecl -traceback -diag-disable 8290 -diag-disable 8291 -diag-disable 8293 -fc=ifort -I/usr/include
mpif90 SwanCrossObstacle.f90 -c -O2 -prec-div -prec-sqrt -fimf-arch-consistency=true -static -W0 -assume byterecl -traceback -diag-disable 8290 -diag-disable 8291 -diag-disable 8293 -fc=ifort -I/usr/include
mpif90 SwanComputeForce.f90 -c -O2 -prec-div -prec-sqrt -fimf-arch-consistency=true -static -W0 -assume byterecl -traceback -diag-disable 8290 -diag-disable 8291 -diag-disable 8293 -fc=ifort -I/usr/include
mpif90 SwanIntgratSpc.f90 -c -O2 -prec-div -prec-sqrt -fimf-arch-consistency=true -static -W0 -assume byterecl -traceback -diag-disable 8290 -diag-disable 8291 -diag-disable 8293 -fc=ifort -I/usr/include
mpif90 SwanBndStruc.f90 -c -O2 -prec-div -prec-sqrt -fimf-arch-consistency=true -static -W0 -assume byterecl -traceback -diag-disable 8290 -diag-disable 8291 -diag-disable 8293 -fc=ifort -I/usr/include
mpif90 SwanReadfort18.f90 -c -O2 -prec-div -prec-sqrt -fimf-arch-consistency=true -static -W0 -assume byterecl -traceback -diag-disable 8290 -diag-disable 8291 -diag-disable 8293 -fc=ifort -I/usr/include
mpif90 SwanPunCollect.f90 -c -O2 -prec-div -prec-sqrt -fimf-arch-consistency=true -static -W0 -assume byterecl -traceback -diag-disable 8290 -diag-disable 8291 -diag-disable 8293 -fc=ifort -I/usr/include
mpif90 SwanSumOverNodes.f90 -c -O2 -prec-div -prec-sqrt -fimf-arch-consistency=true -static -W0 -assume byterecl -traceback -diag-disable 8290 -diag-disable 8291 -diag-disable 8293 -fc=ifort -I/usr/include
mpif90 SwanMinOverNodes.f90 -c -O2 -prec-div -prec-sqrt -fimf-arch-consistency=true -static -W0 -assume byterecl -traceback -diag-disable 8290 -diag-disable 8291 -diag-disable 8293 -fc=ifort -I/usr/include
mpif90 SwanMaxOverNodes.f90 -c -O2 -prec-div -prec-sqrt -fimf-arch-consistency=true -static -W0 -assume byterecl -traceback -diag-disable 8290 -diag-disable 8291 -diag-disable 8293 -fc=ifort -I/usr/include
mpif90 ocpids.f -c -O2 -prec-div -prec-sqrt -fimf-arch-consistency=true -static -W0 -assume byterecl -traceback -diag-disable 8290 -diag-disable 8291 -diag-disable 8293 -fc=ifort -I/usr/include
mpif90 ocpcre.f -c -O2 -prec-div -prec-sqrt -fimf-arch-consistency=true -static -W0 -assume byterecl -traceback -diag-disable 8290 -diag-disable 8291 -diag-disable 8293 -fc=ifort -I/usr/include
mpif90 ocpmix.f -c -O2 -prec-div -prec-sqrt -fimf-arch-consistency=true -static -W0 -assume byterecl -traceback -diag-disable 8290 -diag-disable 8291 -diag-disable 8293 -fc=ifort -I/usr/include
mpif90 swmod1.o swmod2.o SwanSpectPart.o m_constants.o m_fileio.o serv_xnl4v5.o mod_xnl4v5.o SwanGriddata.o SwanGridobjects.o SwanCompdata.o SdsBabanin.o nctablemd.o agioncmd.o swn_outnc.o swan2coh.o swanmain.o swanpre1.o swanpre2.o swancom1.o swancom2.o swancom3.o swancom4.o swancom5.o swanout1.o swanout2.o swanser.o swanparll.o SwanReadGrid.o SwanReadADCGrid.o SwanReadTriangleGrid.o SwanReadEasymeshGrid.o SwanInitCompGrid.o SwanCheckGrid.o SwanCreateEdges.o SwanGridTopology.o SwanGridVert.o SwanGridCell.o SwanGridFace.o SwanPrintGridInfo.o SwanFindPoint.o SwanPointinMesh.o SwanBpntlist.o SwanPrepComp.o SwanVertlist.o SwanCompUnstruc.o SwanDispParm.o SwanPropvelX.o SwanSweepSel.o SwanPropvelS.o SwanTranspAc.o SwanTranspX.o SwanDiffPar.o SwanGSECorr.o SwanGradDepthorK.o SwanGradVel.o SwanInterpolatePoint.o SwanInterpolateAc.o SwanInterpolateOutput.o SwanConvAccur.o SwanConvStopc.o SwanThreadBounds.o SwanFindObstacles.o SwanCrossObstacle.o SwanComputeForce.o SwanIntgratSpc.o SwanBndStruc.o SwanReadfort18.o SwanPunCollect.o SwanSumOverNodes.o SwanMinOverNodes.o SwanMaxOverNodes.o ocpids.o ocpcre.o ocpmix.o -O2 -prec-div -prec-sqrt -fimf-arch-consistency=true -static -W0 -assume byterecl -traceback -diag-disable 8290 -diag-disable 8291 -diag-disable 8293 -fc=ifort -oswan.exe -I/usr/include -L/usr/lib -lnetcdff -lnetcdf -lhdf5_hl -lhdf5 -lm -lz
/usr/local/lib/libhdf5.a(H5PL.o): In function `H5PL_load':
H5PL.c:(.text+0x5fb): warning: Using 'dlopen' in statically linked applications requires at runtime the shared libraries from the glibc version used for linking
/usr/local/lib/libmpi.a(lib_libmpi_la-tcp_init.o): In function `MPID_nem_tcp_get_business_card':
src/mpid/ch3/channels/nemesis/netmod/tcp/tcp_init.c:(.text+0x31d): warning: Using 'gethostbyname' in statically linked applications requires at runtime the shared libraries from the glibc version used for linking
make[1]: Leaving directory `/source/swan-src/swan_src/ftn_stockB-fix'
make hcat
make[1]: Entering directory `/source/swan-src/swan_src/ftn_stockB-fix'
make FOR=ifort FFLAGS="-O2 -prec-div -prec-sqrt -fimf-arch-consistency=true -static -W0 -assume byterecl -traceback -diag-disable 8290 -diag-disable 8291 -diag-disable 8293 " \
        FFLAGS90="-O2 -prec-div -prec-sqrt -fimf-arch-consistency=true -static -W0 -assume byterecl -traceback -diag-disable 8290 -diag-disable 8291 -diag-disable 8293 " hcat.exe
make[2]: Entering directory `/source/swan-src/swan_src/ftn_stockB-fix'
ifort swanhcat.f -c -O2 -prec-div -prec-sqrt -fimf-arch-consistency=true -static -W0 -assume byterecl -traceback -diag-disable 8290 -diag-disable 8291 -diag-disable 8293  
ifort swanhcat.o -O2 -prec-div -prec-sqrt -fimf-arch-consistency=true -static -W0 -assume byterecl -traceback -diag-disable 8290 -diag-disable 8291 -diag-disable 8293  -ohcat.exe
make[2]: Leaving directory `/source/swan-src/swan_src/ftn_stockB-fix'
make[1]: Leaving directory `/source/swan-src/swan_src/ftn_stockB-fix'
