make FOR=ifort FFLAGS="-O2 -prec-div -prec-sqrt -fimf-arch-consistency=true -static -W0 -assume byterecl -traceback -diag-disable 8290 -diag-disable 8291 -diag-disable 8293 " \
        FFLAGS90="-O2 -prec-div -prec-sqrt -fimf-arch-consistency=true -static -W0 -assume byterecl -traceback -diag-disable 8290 -diag-disable 8291 -diag-disable 8293 " \
                INCS="-I/usr/include" LIBS="-L/usr/lib -lnetcdff -lnetcdf -lhdf5_hl -lhdf5 -lm -lz" OBJS="swmod1.o swmod2.o SwanSpectPart.o m_constants.o m_fileio.o serv_xnl4v5.o mod_xnl4v5.o SwanGriddata.o SwanGridobjects.o SwanCompdata.o SdsBabanin.o nctablemd.o agioncmd.o swn_outnc.o swan2coh.o swanmain.o swanpre1.o swanpre2.o swancom1.o swancom2.o swancom3.o swancom4.o swancom5.o swanout1.o swanout2.o swanser.o swanparll.o SwanReadGrid.o SwanReadADCGrid.o SwanReadTriangleGrid.o SwanReadEasymeshGrid.o SwanInitCompGrid.o SwanCheckGrid.o SwanCreateEdges.o SwanGridTopology.o SwanGridVert.o SwanGridCell.o SwanGridFace.o SwanPrintGridInfo.o SwanFindPoint.o SwanPointinMesh.o SwanBpntlist.o SwanPrepComp.o SwanVertlist.o SwanCompUnstruc.o SwanDispParm.o SwanPropvelX.o SwanSweepSel.o SwanPropvelS.o SwanTranspAc.o SwanTranspX.o SwanDiffPar.o SwanGSECorr.o SwanGradDepthorK.o SwanGradVel.o SwanInterpolatePoint.o SwanInterpolateAc.o SwanInterpolateOutput.o SwanConvAccur.o SwanConvStopc.o SwanThreadBounds.o SwanFindObstacles.o SwanCrossObstacle.o SwanComputeForce.o SwanIntgratSpc.o SwanBndStruc.o SwanReadfort18.o SwanPunCollect.o SwanSumOverNodes.o SwanMinOverNodes.o SwanMaxOverNodes.o ocpids.o ocpcre.o ocpmix.o" swan.exe
make[1]: Entering directory `/source/swan-src/swan_src/ftn_stockB'
ifort swmod1.f -c -O2 -prec-div -prec-sqrt -fimf-arch-consistency=true -static -W0 -assume byterecl -traceback -diag-disable 8290 -diag-disable 8291 -diag-disable 8293  -I/usr/include
ifort swmod2.f -c -O2 -prec-div -prec-sqrt -fimf-arch-consistency=true -static -W0 -assume byterecl -traceback -diag-disable 8290 -diag-disable 8291 -diag-disable 8293  -I/usr/include
ifort SwanSpectPart.f -c -O2 -prec-div -prec-sqrt -fimf-arch-consistency=true -static -W0 -assume byterecl -traceback -diag-disable 8290 -diag-disable 8291 -diag-disable 8293  -I/usr/include
ifort m_constants.f90 -c -O2 -prec-div -prec-sqrt -fimf-arch-consistency=true -static -W0 -assume byterecl -traceback -diag-disable 8290 -diag-disable 8291 -diag-disable 8293  -I/usr/include
ifort m_fileio.f90 -c -O2 -prec-div -prec-sqrt -fimf-arch-consistency=true -static -W0 -assume byterecl -traceback -diag-disable 8290 -diag-disable 8291 -diag-disable 8293  -I/usr/include
ifort serv_xnl4v5.f90 -c -O2 -prec-div -prec-sqrt -fimf-arch-consistency=true -static -W0 -assume byterecl -traceback -diag-disable 8290 -diag-disable 8291 -diag-disable 8293  -I/usr/include
ifort mod_xnl4v5.f90 -c -O2 -prec-div -prec-sqrt -fimf-arch-consistency=true -static -W0 -assume byterecl -traceback -diag-disable 8290 -diag-disable 8291 -diag-disable 8293  -I/usr/include
ifort SwanGriddata.f90 -c -O2 -prec-div -prec-sqrt -fimf-arch-consistency=true -static -W0 -assume byterecl -traceback -diag-disable 8290 -diag-disable 8291 -diag-disable 8293  -I/usr/include
ifort SwanGridobjects.f90 -c -O2 -prec-div -prec-sqrt -fimf-arch-consistency=true -static -W0 -assume byterecl -traceback -diag-disable 8290 -diag-disable 8291 -diag-disable 8293  -I/usr/include
ifort SwanCompdata.f90 -c -O2 -prec-div -prec-sqrt -fimf-arch-consistency=true -static -W0 -assume byterecl -traceback -diag-disable 8290 -diag-disable 8291 -diag-disable 8293  -I/usr/include
ifort SdsBabanin.f90 -c -O2 -prec-div -prec-sqrt -fimf-arch-consistency=true -static -W0 -assume byterecl -traceback -diag-disable 8290 -diag-disable 8291 -diag-disable 8293  -I/usr/include
ifort nctablemd.f90 -c -O2 -prec-div -prec-sqrt -fimf-arch-consistency=true -static -W0 -assume byterecl -traceback -diag-disable 8290 -diag-disable 8291 -diag-disable 8293  -I/usr/include
ifort agioncmd.f90 -c -O2 -prec-div -prec-sqrt -fimf-arch-consistency=true -static -W0 -assume byterecl -traceback -diag-disable 8290 -diag-disable 8291 -diag-disable 8293  -I/usr/include
ifort swn_outnc.f90 -c -O2 -prec-div -prec-sqrt -fimf-arch-consistency=true -static -W0 -assume byterecl -traceback -diag-disable 8290 -diag-disable 8291 -diag-disable 8293  -I/usr/include
ifort swan2coh.f90 -c -O2 -prec-div -prec-sqrt -fimf-arch-consistency=true -static -W0 -assume byterecl -traceback -diag-disable 8290 -diag-disable 8291 -diag-disable 8293  -I/usr/include
ifort swanmain.f -c -O2 -prec-div -prec-sqrt -fimf-arch-consistency=true -static -W0 -assume byterecl -traceback -diag-disable 8290 -diag-disable 8291 -diag-disable 8293  -I/usr/include
ifort swanpre1.f -c -O2 -prec-div -prec-sqrt -fimf-arch-consistency=true -static -W0 -assume byterecl -traceback -diag-disable 8290 -diag-disable 8291 -diag-disable 8293  -I/usr/include
ifort swanpre2.f -c -O2 -prec-div -prec-sqrt -fimf-arch-consistency=true -static -W0 -assume byterecl -traceback -diag-disable 8290 -diag-disable 8291 -diag-disable 8293  -I/usr/include
ifort swancom1.f -c -O2 -prec-div -prec-sqrt -fimf-arch-consistency=true -static -W0 -assume byterecl -traceback -diag-disable 8290 -diag-disable 8291 -diag-disable 8293  -I/usr/include
ifort swancom2.f -c -O2 -prec-div -prec-sqrt -fimf-arch-consistency=true -static -W0 -assume byterecl -traceback -diag-disable 8290 -diag-disable 8291 -diag-disable 8293  -I/usr/include
ifort swancom3.f -c -O2 -prec-div -prec-sqrt -fimf-arch-consistency=true -static -W0 -assume byterecl -traceback -diag-disable 8290 -diag-disable 8291 -diag-disable 8293  -I/usr/include
ifort swancom4.f -c -O2 -prec-div -prec-sqrt -fimf-arch-consistency=true -static -W0 -assume byterecl -traceback -diag-disable 8290 -diag-disable 8291 -diag-disable 8293  -I/usr/include
ifort swancom5.f -c -O2 -prec-div -prec-sqrt -fimf-arch-consistency=true -static -W0 -assume byterecl -traceback -diag-disable 8290 -diag-disable 8291 -diag-disable 8293  -I/usr/include
ifort swanout1.f -c -O2 -prec-div -prec-sqrt -fimf-arch-consistency=true -static -W0 -assume byterecl -traceback -diag-disable 8290 -diag-disable 8291 -diag-disable 8293  -I/usr/include
ifort swanout2.f -c -O2 -prec-div -prec-sqrt -fimf-arch-consistency=true -static -W0 -assume byterecl -traceback -diag-disable 8290 -diag-disable 8291 -diag-disable 8293  -I/usr/include
ifort swanser.f -c -O2 -prec-div -prec-sqrt -fimf-arch-consistency=true -static -W0 -assume byterecl -traceback -diag-disable 8290 -diag-disable 8291 -diag-disable 8293  -I/usr/include
ifort swanparll.f -c -O2 -prec-div -prec-sqrt -fimf-arch-consistency=true -static -W0 -assume byterecl -traceback -diag-disable 8290 -diag-disable 8291 -diag-disable 8293  -I/usr/include
ifort SwanReadGrid.f90 -c -O2 -prec-div -prec-sqrt -fimf-arch-consistency=true -static -W0 -assume byterecl -traceback -diag-disable 8290 -diag-disable 8291 -diag-disable 8293  -I/usr/include
ifort SwanReadADCGrid.f90 -c -O2 -prec-div -prec-sqrt -fimf-arch-consistency=true -static -W0 -assume byterecl -traceback -diag-disable 8290 -diag-disable 8291 -diag-disable 8293  -I/usr/include
ifort SwanReadTriangleGrid.f90 -c -O2 -prec-div -prec-sqrt -fimf-arch-consistency=true -static -W0 -assume byterecl -traceback -diag-disable 8290 -diag-disable 8291 -diag-disable 8293  -I/usr/include
ifort SwanReadEasymeshGrid.f90 -c -O2 -prec-div -prec-sqrt -fimf-arch-consistency=true -static -W0 -assume byterecl -traceback -diag-disable 8290 -diag-disable 8291 -diag-disable 8293  -I/usr/include
ifort SwanInitCompGrid.f90 -c -O2 -prec-div -prec-sqrt -fimf-arch-consistency=true -static -W0 -assume byterecl -traceback -diag-disable 8290 -diag-disable 8291 -diag-disable 8293  -I/usr/include
ifort SwanCheckGrid.f90 -c -O2 -prec-div -prec-sqrt -fimf-arch-consistency=true -static -W0 -assume byterecl -traceback -diag-disable 8290 -diag-disable 8291 -diag-disable 8293  -I/usr/include
ifort SwanCreateEdges.f90 -c -O2 -prec-div -prec-sqrt -fimf-arch-consistency=true -static -W0 -assume byterecl -traceback -diag-disable 8290 -diag-disable 8291 -diag-disable 8293  -I/usr/include
ifort SwanGridTopology.f90 -c -O2 -prec-div -prec-sqrt -fimf-arch-consistency=true -static -W0 -assume byterecl -traceback -diag-disable 8290 -diag-disable 8291 -diag-disable 8293  -I/usr/include
ifort SwanGridVert.f90 -c -O2 -prec-div -prec-sqrt -fimf-arch-consistency=true -static -W0 -assume byterecl -traceback -diag-disable 8290 -diag-disable 8291 -diag-disable 8293  -I/usr/include
ifort SwanGridCell.f90 -c -O2 -prec-div -prec-sqrt -fimf-arch-consistency=true -static -W0 -assume byterecl -traceback -diag-disable 8290 -diag-disable 8291 -diag-disable 8293  -I/usr/include
ifort SwanGridFace.f90 -c -O2 -prec-div -prec-sqrt -fimf-arch-consistency=true -static -W0 -assume byterecl -traceback -diag-disable 8290 -diag-disable 8291 -diag-disable 8293  -I/usr/include
ifort SwanPrintGridInfo.f90 -c -O2 -prec-div -prec-sqrt -fimf-arch-consistency=true -static -W0 -assume byterecl -traceback -diag-disable 8290 -diag-disable 8291 -diag-disable 8293  -I/usr/include
ifort SwanFindPoint.f90 -c -O2 -prec-div -prec-sqrt -fimf-arch-consistency=true -static -W0 -assume byterecl -traceback -diag-disable 8290 -diag-disable 8291 -diag-disable 8293  -I/usr/include
ifort SwanPointinMesh.f90 -c -O2 -prec-div -prec-sqrt -fimf-arch-consistency=true -static -W0 -assume byterecl -traceback -diag-disable 8290 -diag-disable 8291 -diag-disable 8293  -I/usr/include
ifort SwanBpntlist.f90 -c -O2 -prec-div -prec-sqrt -fimf-arch-consistency=true -static -W0 -assume byterecl -traceback -diag-disable 8290 -diag-disable 8291 -diag-disable 8293  -I/usr/include
ifort SwanPrepComp.f90 -c -O2 -prec-div -prec-sqrt -fimf-arch-consistency=true -static -W0 -assume byterecl -traceback -diag-disable 8290 -diag-disable 8291 -diag-disable 8293  -I/usr/include
ifort SwanVertlist.f90 -c -O2 -prec-div -prec-sqrt -fimf-arch-consistency=true -static -W0 -assume byterecl -traceback -diag-disable 8290 -diag-disable 8291 -diag-disable 8293  -I/usr/include
ifort SwanCompUnstruc.f90 -c -O2 -prec-div -prec-sqrt -fimf-arch-consistency=true -static -W0 -assume byterecl -traceback -diag-disable 8290 -diag-disable 8291 -diag-disable 8293  -I/usr/include
ifort SwanDispParm.f90 -c -O2 -prec-div -prec-sqrt -fimf-arch-consistency=true -static -W0 -assume byterecl -traceback -diag-disable 8290 -diag-disable 8291 -diag-disable 8293  -I/usr/include
ifort SwanPropvelX.f90 -c -O2 -prec-div -prec-sqrt -fimf-arch-consistency=true -static -W0 -assume byterecl -traceback -diag-disable 8290 -diag-disable 8291 -diag-disable 8293  -I/usr/include
ifort SwanSweepSel.f90 -c -O2 -prec-div -prec-sqrt -fimf-arch-consistency=true -static -W0 -assume byterecl -traceback -diag-disable 8290 -diag-disable 8291 -diag-disable 8293  -I/usr/include
ifort SwanPropvelS.f90 -c -O2 -prec-div -prec-sqrt -fimf-arch-consistency=true -static -W0 -assume byterecl -traceback -diag-disable 8290 -diag-disable 8291 -diag-disable 8293  -I/usr/include
ifort SwanTranspAc.f90 -c -O2 -prec-div -prec-sqrt -fimf-arch-consistency=true -static -W0 -assume byterecl -traceback -diag-disable 8290 -diag-disable 8291 -diag-disable 8293  -I/usr/include
ifort SwanTranspX.f90 -c -O2 -prec-div -prec-sqrt -fimf-arch-consistency=true -static -W0 -assume byterecl -traceback -diag-disable 8290 -diag-disable 8291 -diag-disable 8293  -I/usr/include
ifort SwanDiffPar.f90 -c -O2 -prec-div -prec-sqrt -fimf-arch-consistency=true -static -W0 -assume byterecl -traceback -diag-disable 8290 -diag-disable 8291 -diag-disable 8293  -I/usr/include
ifort SwanGSECorr.f90 -c -O2 -prec-div -prec-sqrt -fimf-arch-consistency=true -static -W0 -assume byterecl -traceback -diag-disable 8290 -diag-disable 8291 -diag-disable 8293  -I/usr/include
ifort SwanGradDepthorK.f90 -c -O2 -prec-div -prec-sqrt -fimf-arch-consistency=true -static -W0 -assume byterecl -traceback -diag-disable 8290 -diag-disable 8291 -diag-disable 8293  -I/usr/include
ifort SwanGradVel.f90 -c -O2 -prec-div -prec-sqrt -fimf-arch-consistency=true -static -W0 -assume byterecl -traceback -diag-disable 8290 -diag-disable 8291 -diag-disable 8293  -I/usr/include
ifort SwanInterpolatePoint.f90 -c -O2 -prec-div -prec-sqrt -fimf-arch-consistency=true -static -W0 -assume byterecl -traceback -diag-disable 8290 -diag-disable 8291 -diag-disable 8293  -I/usr/include
ifort SwanInterpolateAc.f90 -c -O2 -prec-div -prec-sqrt -fimf-arch-consistency=true -static -W0 -assume byterecl -traceback -diag-disable 8290 -diag-disable 8291 -diag-disable 8293  -I/usr/include
ifort SwanInterpolateOutput.f90 -c -O2 -prec-div -prec-sqrt -fimf-arch-consistency=true -static -W0 -assume byterecl -traceback -diag-disable 8290 -diag-disable 8291 -diag-disable 8293  -I/usr/include
ifort SwanConvAccur.f90 -c -O2 -prec-div -prec-sqrt -fimf-arch-consistency=true -static -W0 -assume byterecl -traceback -diag-disable 8290 -diag-disable 8291 -diag-disable 8293  -I/usr/include
ifort SwanConvStopc.f90 -c -O2 -prec-div -prec-sqrt -fimf-arch-consistency=true -static -W0 -assume byterecl -traceback -diag-disable 8290 -diag-disable 8291 -diag-disable 8293  -I/usr/include
ifort SwanThreadBounds.f90 -c -O2 -prec-div -prec-sqrt -fimf-arch-consistency=true -static -W0 -assume byterecl -traceback -diag-disable 8290 -diag-disable 8291 -diag-disable 8293  -I/usr/include
ifort SwanFindObstacles.f90 -c -O2 -prec-div -prec-sqrt -fimf-arch-consistency=true -static -W0 -assume byterecl -traceback -diag-disable 8290 -diag-disable 8291 -diag-disable 8293  -I/usr/include
ifort SwanCrossObstacle.f90 -c -O2 -prec-div -prec-sqrt -fimf-arch-consistency=true -static -W0 -assume byterecl -traceback -diag-disable 8290 -diag-disable 8291 -diag-disable 8293  -I/usr/include
ifort SwanComputeForce.f90 -c -O2 -prec-div -prec-sqrt -fimf-arch-consistency=true -static -W0 -assume byterecl -traceback -diag-disable 8290 -diag-disable 8291 -diag-disable 8293  -I/usr/include
ifort SwanIntgratSpc.f90 -c -O2 -prec-div -prec-sqrt -fimf-arch-consistency=true -static -W0 -assume byterecl -traceback -diag-disable 8290 -diag-disable 8291 -diag-disable 8293  -I/usr/include
ifort SwanBndStruc.f90 -c -O2 -prec-div -prec-sqrt -fimf-arch-consistency=true -static -W0 -assume byterecl -traceback -diag-disable 8290 -diag-disable 8291 -diag-disable 8293  -I/usr/include
ifort SwanReadfort18.f90 -c -O2 -prec-div -prec-sqrt -fimf-arch-consistency=true -static -W0 -assume byterecl -traceback -diag-disable 8290 -diag-disable 8291 -diag-disable 8293  -I/usr/include
ifort SwanPunCollect.f90 -c -O2 -prec-div -prec-sqrt -fimf-arch-consistency=true -static -W0 -assume byterecl -traceback -diag-disable 8290 -diag-disable 8291 -diag-disable 8293  -I/usr/include
ifort SwanSumOverNodes.f90 -c -O2 -prec-div -prec-sqrt -fimf-arch-consistency=true -static -W0 -assume byterecl -traceback -diag-disable 8290 -diag-disable 8291 -diag-disable 8293  -I/usr/include
ifort SwanMinOverNodes.f90 -c -O2 -prec-div -prec-sqrt -fimf-arch-consistency=true -static -W0 -assume byterecl -traceback -diag-disable 8290 -diag-disable 8291 -diag-disable 8293  -I/usr/include
ifort SwanMaxOverNodes.f90 -c -O2 -prec-div -prec-sqrt -fimf-arch-consistency=true -static -W0 -assume byterecl -traceback -diag-disable 8290 -diag-disable 8291 -diag-disable 8293  -I/usr/include
ifort ocpids.f -c -O2 -prec-div -prec-sqrt -fimf-arch-consistency=true -static -W0 -assume byterecl -traceback -diag-disable 8290 -diag-disable 8291 -diag-disable 8293  -I/usr/include
ifort ocpcre.f -c -O2 -prec-div -prec-sqrt -fimf-arch-consistency=true -static -W0 -assume byterecl -traceback -diag-disable 8290 -diag-disable 8291 -diag-disable 8293  -I/usr/include
ifort ocpmix.f -c -O2 -prec-div -prec-sqrt -fimf-arch-consistency=true -static -W0 -assume byterecl -traceback -diag-disable 8290 -diag-disable 8291 -diag-disable 8293  -I/usr/include
ifort swmod1.o swmod2.o SwanSpectPart.o m_constants.o m_fileio.o serv_xnl4v5.o mod_xnl4v5.o SwanGriddata.o SwanGridobjects.o SwanCompdata.o SdsBabanin.o nctablemd.o agioncmd.o swn_outnc.o swan2coh.o swanmain.o swanpre1.o swanpre2.o swancom1.o swancom2.o swancom3.o swancom4.o swancom5.o swanout1.o swanout2.o swanser.o swanparll.o SwanReadGrid.o SwanReadADCGrid.o SwanReadTriangleGrid.o SwanReadEasymeshGrid.o SwanInitCompGrid.o SwanCheckGrid.o SwanCreateEdges.o SwanGridTopology.o SwanGridVert.o SwanGridCell.o SwanGridFace.o SwanPrintGridInfo.o SwanFindPoint.o SwanPointinMesh.o SwanBpntlist.o SwanPrepComp.o SwanVertlist.o SwanCompUnstruc.o SwanDispParm.o SwanPropvelX.o SwanSweepSel.o SwanPropvelS.o SwanTranspAc.o SwanTranspX.o SwanDiffPar.o SwanGSECorr.o SwanGradDepthorK.o SwanGradVel.o SwanInterpolatePoint.o SwanInterpolateAc.o SwanInterpolateOutput.o SwanConvAccur.o SwanConvStopc.o SwanThreadBounds.o SwanFindObstacles.o SwanCrossObstacle.o SwanComputeForce.o SwanIntgratSpc.o SwanBndStruc.o SwanReadfort18.o SwanPunCollect.o SwanSumOverNodes.o SwanMinOverNodes.o SwanMaxOverNodes.o ocpids.o ocpcre.o ocpmix.o -O2 -prec-div -prec-sqrt -fimf-arch-consistency=true -static -W0 -assume byterecl -traceback -diag-disable 8290 -diag-disable 8291 -diag-disable 8293  -oswan.exe -I/usr/include -L/usr/lib -lnetcdff -lnetcdf -lhdf5_hl -lhdf5 -lm -lz
//usr/local/lib/libhdf5.a(H5PL.o): In function `H5PL_load':
H5PL.c:(.text+0x5fb): warning: Using 'dlopen' in statically linked applications requires at runtime the shared libraries from the glibc version used for linking
make[1]: Leaving directory `/source/swan-src/swan_src/ftn_stockB'
